D:\courses\signalR\angular_core\Insig\Insig.Web\dist\out-tsc\app\auth\auth.config.js
D:\courses\signalR\angular_core\Insig\Insig.Web\dist\out-tsc\app\auth\auth.config.js.map
D:\courses\signalR\angular_core\Insig\Insig.Web\dist\out-tsc\app\auth\auth.service.js
D:\courses\signalR\angular_core\Insig\Insig.Web\dist\out-tsc\app\auth\auth.service.js.map
D:\courses\signalR\angular_core\Insig\Insig.Web\dist\out-tsc\app\auth\auth-callback\auth-callback.component.js
D:\courses\signalR\angular_core\Insig\Insig.Web\dist\out-tsc\app\auth\auth-callback\auth-callback.component.js.map
D:\courses\signalR\angular_core\Insig\Insig.Web\dist\out-tsc\app\auth\auth-routing.module.js
D:\courses\signalR\angular_core\Insig\Insig.Web\dist\out-tsc\app\auth\auth-routing.module.js.map
D:\courses\signalR\angular_core\Insig\Insig.Web\dist\out-tsc\app\auth\auth.module.js
D:\courses\signalR\angular_core\Insig\Insig.Web\dist\out-tsc\app\auth\auth.module.js.map
D:\courses\signalR\angular_core\Insig\Insig.Web\dist\out-tsc\app\auth\index.js
D:\courses\signalR\angular_core\Insig\Insig.Web\dist\out-tsc\app\auth\index.js.map
D:\courses\signalR\angular_core\Insig\Insig.Web\dist\out-tsc\app\app.component.js
D:\courses\signalR\angular_core\Insig\Insig.Web\dist\out-tsc\app\app.component.js.map
D:\courses\signalR\angular_core\Insig\Insig.Web\dist\out-tsc\app\main\home\home.component.js
D:\courses\signalR\angular_core\Insig\Insig.Web\dist\out-tsc\app\main\home\home.component.js.map
D:\courses\signalR\angular_core\Insig\Insig.Web\dist\out-tsc\app\main\page-not-found\page-not-found.component.js
D:\courses\signalR\angular_core\Insig\Insig.Web\dist\out-tsc\app\main\page-not-found\page-not-found.component.js.map
D:\courses\signalR\angular_core\Insig\Insig.Web\dist\out-tsc\app\app.routing.module.js
D:\courses\signalR\angular_core\Insig\Insig.Web\dist\out-tsc\app\app.routing.module.js.map
D:\courses\signalR\angular_core\Insig\Insig.Web\dist\out-tsc\app\core\interceptors\http-auth-interceptor.js
D:\courses\signalR\angular_core\Insig\Insig.Web\dist\out-tsc\app\core\interceptors\http-auth-interceptor.js.map
D:\courses\signalR\angular_core\Insig\Insig.Web\dist\out-tsc\app\core\interceptors\toast-http-interceptor.js
D:\courses\signalR\angular_core\Insig\Insig.Web\dist\out-tsc\app\core\interceptors\toast-http-interceptor.js.map
D:\courses\signalR\angular_core\Insig\Insig.Web\dist\out-tsc\app\core\core.module.js
D:\courses\signalR\angular_core\Insig\Insig.Web\dist\out-tsc\app\core\core.module.js.map
D:\courses\signalR\angular_core\Insig\Insig.Web\dist\out-tsc\app\material.module.js
D:\courses\signalR\angular_core\Insig\Insig.Web\dist\out-tsc\app\material.module.js.map
D:\courses\signalR\angular_core\Insig\Insig.Web\dist\out-tsc\app\shared\password-switch-type.directive.js
D:\courses\signalR\angular_core\Insig\Insig.Web\dist\out-tsc\app\shared\password-switch-type.directive.js.map
D:\courses\signalR\angular_core\Insig\Insig.Web\dist\out-tsc\app\shared\validation-feedback\validation-feedback.component.js
D:\courses\signalR\angular_core\Insig\Insig.Web\dist\out-tsc\app\shared\validation-feedback\validation-feedback.component.js.map
D:\courses\signalR\angular_core\Insig\Insig.Web\dist\out-tsc\app\shared\shared.module.js
D:\courses\signalR\angular_core\Insig\Insig.Web\dist\out-tsc\app\shared\shared.module.js.map
D:\courses\signalR\angular_core\Insig\Insig.Web\dist\out-tsc\app\features\account\login\login.component.js
D:\courses\signalR\angular_core\Insig\Insig.Web\dist\out-tsc\app\features\account\login\login.component.js.map
D:\courses\signalR\angular_core\Insig\Insig.Web\dist\out-tsc\app\features\account\login\login-routing.module.js
D:\courses\signalR\angular_core\Insig\Insig.Web\dist\out-tsc\app\features\account\login\login-routing.module.js.map
D:\courses\signalR\angular_core\Insig\Insig.Web\dist\out-tsc\app\features\account\login\login.module.js
D:\courses\signalR\angular_core\Insig\Insig.Web\dist\out-tsc\app\features\account\login\login.module.js.map
D:\courses\signalR\angular_core\Insig\Insig.Web\dist\out-tsc\app\features\account\logout\logout.component.js
D:\courses\signalR\angular_core\Insig\Insig.Web\dist\out-tsc\app\features\account\logout\logout.component.js.map
D:\courses\signalR\angular_core\Insig\Insig.Web\dist\out-tsc\app\features\account\logout\logout-routing.module.js
D:\courses\signalR\angular_core\Insig\Insig.Web\dist\out-tsc\app\features\account\logout\logout-routing.module.js.map
D:\courses\signalR\angular_core\Insig\Insig.Web\dist\out-tsc\app\features\account\logout\logout.module.js
D:\courses\signalR\angular_core\Insig\Insig.Web\dist\out-tsc\app\features\account\logout\logout.module.js.map
D:\courses\signalR\angular_core\Insig\Insig.Web\dist\out-tsc\app\features\account\register\password-validator-feedback\password-validator-feedback.component.js
D:\courses\signalR\angular_core\Insig\Insig.Web\dist\out-tsc\app\features\account\register\password-validator-feedback\password-validator-feedback.component.js.map
D:\courses\signalR\angular_core\Insig\Insig.Web\dist\out-tsc\app\features\account\register\password-strength.validator.js
D:\courses\signalR\angular_core\Insig\Insig.Web\dist\out-tsc\app\features\account\register\password-strength.validator.js.map
D:\courses\signalR\angular_core\Insig\Insig.Web\dist\out-tsc\app\features\account\register\register.component.js
D:\courses\signalR\angular_core\Insig\Insig.Web\dist\out-tsc\app\features\account\register\register.component.js.map
D:\courses\signalR\angular_core\Insig\Insig.Web\dist\out-tsc\app\features\account\register\register-routing.module.js
D:\courses\signalR\angular_core\Insig\Insig.Web\dist\out-tsc\app\features\account\register\register-routing.module.js.map
D:\courses\signalR\angular_core\Insig\Insig.Web\dist\out-tsc\app\features\account\register\register.module.js
D:\courses\signalR\angular_core\Insig\Insig.Web\dist\out-tsc\app\features\account\register\register.module.js.map
D:\courses\signalR\angular_core\Insig\Insig.Web\dist\out-tsc\app\core\guards\auth.guard.js
D:\courses\signalR\angular_core\Insig\Insig.Web\dist\out-tsc\app\core\guards\auth.guard.js.map
D:\courses\signalR\angular_core\Insig\Insig.Web\dist\out-tsc\app\features\account\login-success\login-success.component.js
D:\courses\signalR\angular_core\Insig\Insig.Web\dist\out-tsc\app\features\account\login-success\login-success.component.js.map
D:\courses\signalR\angular_core\Insig\Insig.Web\dist\out-tsc\app\features\account\tfa-setup\tfa-setup.component.js
D:\courses\signalR\angular_core\Insig\Insig.Web\dist\out-tsc\app\features\account\tfa-setup\tfa-setup.component.js.map
D:\courses\signalR\angular_core\Insig\Insig.Web\dist\out-tsc\app\core\services\api-client.service.js
D:\courses\signalR\angular_core\Insig\Insig.Web\dist\out-tsc\app\core\services\api-client.service.js.map
D:\courses\signalR\angular_core\Insig\Insig.Web\dist\out-tsc\app\core\services\api-sample.service.js
D:\courses\signalR\angular_core\Insig\Insig.Web\dist\out-tsc\app\core\services\api-sample.service.js.map
D:\courses\signalR\angular_core\Insig\Insig.Web\dist\out-tsc\app\features\sample\sample.component.js
D:\courses\signalR\angular_core\Insig\Insig.Web\dist\out-tsc\app\features\sample\sample.component.js.map
D:\courses\signalR\angular_core\Insig\Insig.Web\dist\out-tsc\app\features\features-routing.module.js
D:\courses\signalR\angular_core\Insig\Insig.Web\dist\out-tsc\app\features\features-routing.module.js.map
D:\courses\signalR\angular_core\Insig\Insig.Web\dist\out-tsc\app\features\SignalRComponents\group\group.component.js
D:\courses\signalR\angular_core\Insig\Insig.Web\dist\out-tsc\app\features\SignalRComponents\group\group.component.js.map
D:\courses\signalR\angular_core\Insig\Insig.Web\dist\out-tsc\app\features\SignalRComponents\signalR\CustomeRetryPolicy.js
D:\courses\signalR\angular_core\Insig\Insig.Web\dist\out-tsc\app\features\SignalRComponents\signalR\CustomeRetryPolicy.js.map
D:\courses\signalR\angular_core\Insig\Insig.Web\dist\out-tsc\app\features\SignalRComponents\message\message.component.js
D:\courses\signalR\angular_core\Insig\Insig.Web\dist\out-tsc\app\features\SignalRComponents\message\message.component.js.map
D:\courses\signalR\angular_core\Insig\Insig.Web\dist\out-tsc\app\features\SignalRComponents\vote\vote.component.js
D:\courses\signalR\angular_core\Insig\Insig.Web\dist\out-tsc\app\features\SignalRComponents\vote\vote.component.js.map
D:\courses\signalR\angular_core\Insig\Insig.Web\dist\out-tsc\app\features\SignalRComponents\time-hub\time-hub.component.js
D:\courses\signalR\angular_core\Insig\Insig.Web\dist\out-tsc\app\features\SignalRComponents\time-hub\time-hub.component.js.map
D:\courses\signalR\angular_core\Insig\Insig.Web\dist\out-tsc\app\features\features.module.js
D:\courses\signalR\angular_core\Insig\Insig.Web\dist\out-tsc\app\features\features.module.js.map
D:\courses\signalR\angular_core\Insig\Insig.Web\dist\out-tsc\app\main\main-routing.module.js
D:\courses\signalR\angular_core\Insig\Insig.Web\dist\out-tsc\app\main\main-routing.module.js.map
D:\courses\signalR\angular_core\Insig\Insig.Web\dist\out-tsc\app\main\navbar\navbar.component.js
D:\courses\signalR\angular_core\Insig\Insig.Web\dist\out-tsc\app\main\navbar\navbar.component.js.map
D:\courses\signalR\angular_core\Insig\Insig.Web\dist\out-tsc\app\main\main.module.js
D:\courses\signalR\angular_core\Insig\Insig.Web\dist\out-tsc\app\main\main.module.js.map
D:\courses\signalR\angular_core\Insig\Insig.Web\dist\out-tsc\app\app.module.js
D:\courses\signalR\angular_core\Insig\Insig.Web\dist\out-tsc\app\app.module.js.map
D:\courses\signalR\angular_core\Insig\Insig.Web\dist\out-tsc\environments\environment.js
D:\courses\signalR\angular_core\Insig\Insig.Web\dist\out-tsc\environments\environment.js.map
D:\courses\signalR\angular_core\Insig\Insig.Web\dist\out-tsc\main.js
D:\courses\signalR\angular_core\Insig\Insig.Web\dist\out-tsc\main.js.map
D:\courses\signalR\angular_core\Insig\Insig.Web\dist\out-tsc\polyfills.js
D:\courses\signalR\angular_core\Insig\Insig.Web\dist\out-tsc\polyfills.js.map
D:\courses\signalR\angular_core\Insig\Insig.Web\dist\out-tsc\test.js
D:\courses\signalR\angular_core\Insig\Insig.Web\dist\out-tsc\test.js.map
D:\courses\signalR\angular_core\Insig\Insig.Web\dist\out-tsc\app\features\SignalRComponents\group\group.component.spec.js
D:\courses\signalR\angular_core\Insig\Insig.Web\dist\out-tsc\app\features\SignalRComponents\group\group.component.spec.js.map
D:\courses\signalR\angular_core\Insig\Insig.Web\dist\out-tsc\app\features\SignalRComponents\message\message.component.spec.js
D:\courses\signalR\angular_core\Insig\Insig.Web\dist\out-tsc\app\features\SignalRComponents\message\message.component.spec.js.map
D:\courses\signalR\angular_core\Insig\Insig.Web\dist\out-tsc\app\features\SignalRComponents\vote\vote.component.spec.js
D:\courses\signalR\angular_core\Insig\Insig.Web\dist\out-tsc\app\features\SignalRComponents\vote\vote.component.spec.js.map
D:\courses\signalR\angular_core\Insig\Insig.Web\dist\out-tsc\environments\environment.prod.js
D:\courses\signalR\angular_core\Insig\Insig.Web\dist\out-tsc\environments\environment.prod.js.map
