Arguments: 
  C:\Program Files\nodejs\node.exe C:\Users\toeng\AppData\Roaming\npm\node_modules\yarn\bin\yarn.js add source-map-resolve

PATH: 
  C:\WINDOWS\system32;C:\WINDOWS;C:\WINDOWS\System32\Wbem;C:\WINDOWS\System32\WindowsPowerShell\v1.0\;C:\WINDOWS\System32\OpenSSH\;C:\Program Files\Microsoft SQL Server\150\Tools\Binn\;C:\Program Files\Microsoft SQL Server\Client SDK\ODBC\170\Tools\Binn\;C:\Program Files\Microsoft SQL Server\120\DTS\Binn\;C:\Program Files\Microsoft SQL Server\Client SDK\ODBC\110\Tools\Binn\;C:\Program Files (x86)\Microsoft SQL Server\120\Tools\Binn\;C:\Program Files\Microsoft SQL Server\120\Tools\Binn\;C:\Program Files (x86)\Microsoft SQL Server\120\Tools\Binn\ManagementStudio\;C:\Program Files (x86)\Microsoft SQL Server\120\DTS\Binn\;C:\Program Files\Git\cmd;C:\Program Files\dotnet\;C:\Program Files (x86)\Microsoft SQL Server\150\DTS\Binn\;C:\Program Files\Azure Data Studio\bin;C:\Program Files\Microsoft\Web Platform Installer\;C:\Program Files\Microsoft Service Fabric\bin\Fabric\Fabric.Code;C:\Program Files\Microsoft SDKs\Service Fabric\Tools\ServiceFabricLocalClusterManager;C:\Program Files\Docker\Docker\resources\bin;C:\ProgramData\DockerDesktop\version-bin;C:\Program Files\Microsoft SQL Server\Client SDK\ODBC\130\Tools\Binn\;C:\Program Files (x86)\Microsoft SQL Server\140\Tools\Binn\;C:\Program Files\Microsoft SQL Server\140\Tools\Binn\;C:\Program Files\Microsoft SQL Server\140\DTS\Binn\;C:\ProgramData\chocolatey\bin;C:\Program Files (x86)\Windows Kits\10\Windows Performance Toolkit\;C:\Program Files\Kubernetes\Minikube;;C:\minikube;C:\Program Files\nodejs\;C:\Users\toeng\.windows-build-tools\python27\;C:\Program Files\nodejs\node_modules\npm\node_modules\npm-lifecycle\node-gyp-bin;C:\Users\toeng\AppData\Roaming\npm\node_modules\windows-build-tools\node_modules\.bin;C:\Users\toeng\AppData\Roaming\npm\node_modules\.bin;C:\WINDOWS\system32;C:\WINDOWS;C:\WINDOWS\System32\Wbem;C:\WINDOWS\System32\WindowsPowerShell\v1.0\;C:\WINDOWS\System32\OpenSSH\;C:\Program Files\Microsoft SQL Server\150\Tools\Binn\;C:\Program Files\Microsoft SQL Server\Client SDK\ODBC\170\Tools\Binn\;C:\Program Files\Microsoft SQL Server\120\DTS\Binn\;C:\Program Files\Microsoft SQL Server\Client SDK\ODBC\110\Tools\Binn\;C:\Program Files (x86)\Microsoft SQL Server\120\Tools\Binn\;C:\Program Files\Microsoft SQL Server\120\Tools\Binn\;C:\Program Files (x86)\Microsoft SQL Server\120\Tools\Binn\ManagementStudio\;C:\Program Files (x86)\Microsoft SQL Server\120\DTS\Binn\;C:\Program Files\Git\cmd;C:\Program Files\dotnet\;C:\Program Files (x86)\Microsoft SQL Server\150\DTS\Binn\;C:\Program Files\Azure Dat;C:\Users\toeng\AppData\Local\Programs\Microsoft VS Code\bin;C:\Users\toeng\AppData\Roaming\npm

Yarn version: 
  1.22.17

Node version: 
  16.14.0

Platform: 
  win32 x64

Trace: 
  Error: ENOENT: no such file or directory, scandir 'D:\courses\signalR\angular_core\Insig\Insig.Web\node_modules\@ngtools'

npm manifest: 
  {
    "name": "web",
    "version": "0.0.0",
    "scripts": {
      "ng": "ng",
      "start": "ng serve",
      "build": "ng build",
      "watch": "ng build --watch --configuration development",
      "test": "ng test",
      "lint": "ng lint",
      "e2e": "ng e2e"
    },
    "private": true,
    "dependencies": {
      "@angular/animations": "^13.2.3",
      "@angular/cdk": "^13.2.3",
      "@angular/common": "^13.2.3",
      "@angular/compiler": "^13.2.3",
      "@angular/core": "^13.2.3",
      "@angular/forms": "^13.2.3",
      "@angular/material": "^13.2.3",
      "@angular/platform-browser": "^13.2.3",
      "@angular/platform-browser-dynamic": "^13.2.3",
      "@angular/router": "^13.2.3",
      "@ngx-loading-bar/core": "^6.0.2",
      "@ngx-loading-bar/http-client": "^6.0.2",
      "@types/urijs": "^1.19.18",
      "@types/url-parse": "^1.4.8",
      "material-design-icons": "^3.0.1",
      "ngx-toastr": "^14.2.1",
      "oidc-client": "^1.11.5",
      "rxjs": "^7.5.4",
      "tslib": "^2.3.1",
      "urijs": "^1.19.8",
      "url-parse": "^1.5.9",
      "url-polyfill": "^1.1.12",
      "zone.js": "~0.11.4"
    },
    "devDependencies": {
      "@angular-devkit/build-angular": "~13.2.4",
      "@angular-eslint/builder": "13.1.0",
      "@angular-eslint/eslint-plugin": "^13.1.0",
      "@angular-eslint/eslint-plugin-template": "^13.1.0",
      "@angular-eslint/template-parser": "^13.1.0",
      "@angular/cli": "^13.2.4",
      "@angular/compiler-cli": "^13.2.3",
      "@angular/language-service": "^13.2.3",
      "@types/jasmine": "~3.10.3",
      "@types/node": "^17.0.19",
      "@typescript-eslint/eslint-plugin": "^5.12.1",
      "@typescript-eslint/parser": "^5.12.1",
      "eslint": "^8.9.0",
      "eslint-config-airbnb-base": "^15.0.0",
      "eslint-config-airbnb-typescript": "^16.1.0",
      "eslint-plugin-import": "^2.25.4",
      "eslint-plugin-jsdoc": "^37.9.4",
      "eslint-plugin-prefer-arrow": "^1.2.3",
      "jasmine-core": "~4.0.1",
      "karma": "~6.3.16",
      "karma-chrome-launcher": "~3.1.0",
      "karma-coverage": "~2.2.0",
      "karma-jasmine": "~4.0.1",
      "karma-jasmine-html-reporter": "~1.7.0",
      "typescript": "~4.5.5",
      "webpack": "^5.69.1"
    }
  }

yarn manifest: 
  No manifest

Lockfile: 
  No lockfile
